<?xml version="1.0" encoding="UTF-8"?>
<testsuite name="com.teamamerica.tourbot.roomtypes.service.RoomtypesServiceApplicationTests" tests="5" skipped="0" failures="0" errors="0" timestamp="2019-11-04T14:02:11" hostname="akadir-INVALID" time="0.769">
  <properties/>
  <testcase name="test_list" classname="com.teamamerica.tourbot.roomtypes.service.RoomtypesServiceApplicationTests" time="0.37"/>
  <testcase name="test_CRUD_RoomType" classname="com.teamamerica.tourbot.roomtypes.service.RoomtypesServiceApplicationTests" time="0.305"/>
  <testcase name="contextLoads" classname="com.teamamerica.tourbot.roomtypes.service.RoomtypesServiceApplicationTests" time="0.01"/>
  <testcase name="test_checkRoomTypeAvailability" classname="com.teamamerica.tourbot.roomtypes.service.RoomtypesServiceApplicationTests" time="0.024"/>
  <testcase name="test_getAllRoomTypeList" classname="com.teamamerica.tourbot.roomtypes.service.RoomtypesServiceApplicationTests" time="0.042"/>
  <system-out><![CDATA[20:01:59,675 |-INFO in ch.qos.logback.classic.LoggerContext[default] - Could NOT find resource [logback-test.xml]
20:01:59,675 |-INFO in ch.qos.logback.classic.LoggerContext[default] - Could NOT find resource [logback.groovy]
20:01:59,675 |-INFO in ch.qos.logback.classic.LoggerContext[default] - Found resource [logback.xml] at [file:/home/akadir/repos/github/roomtypes-service/build/resources/main/logback.xml]
20:01:59,807 |-INFO in ch.qos.logback.classic.joran.action.ConfigurationAction - debug attribute not set
20:01:59,814 |-INFO in ch.qos.logback.core.joran.action.AppenderAction - About to instantiate appender of type [ch.qos.logback.core.ConsoleAppender]
20:01:59,818 |-INFO in ch.qos.logback.core.joran.action.AppenderAction - Naming appender as [STDOUT]
20:01:59,877 |-WARN in ch.qos.logback.core.ConsoleAppender[STDOUT] - This appender no longer admits a layout as a sub-component, set an encoder instead.
20:01:59,877 |-WARN in ch.qos.logback.core.ConsoleAppender[STDOUT] - To ensure compatibility, wrapping your layout in LayoutWrappingEncoder.
20:01:59,877 |-WARN in ch.qos.logback.core.ConsoleAppender[STDOUT] - See also http://logback.qos.ch/codes.html#layoutInsteadOfEncoder for details
20:01:59,877 |-INFO in ch.qos.logback.core.joran.action.AppenderAction - About to instantiate appender of type [ch.qos.logback.core.rolling.RollingFileAppender]
20:01:59,881 |-INFO in ch.qos.logback.core.joran.action.AppenderAction - Naming appender as [FILE-AUDIT]
20:01:59,897 |-INFO in c.q.l.core.rolling.TimeBasedRollingPolicy@1508017583 - No compression will be used
20:01:59,898 |-INFO in c.q.l.core.rolling.TimeBasedRollingPolicy@1508017583 - Will use the pattern catalina.home_IS_UNDEFINED/logs/archived/tourbot_room_types_MicroService_debug.%d{yyyy-MM-dd}.%i.log for the active file
20:01:59,901 |-INFO in ch.qos.logback.core.rolling.SizeAndTimeBasedFNATP@183f6ab8 - The date pattern is 'yyyy-MM-dd' from file name pattern 'catalina.home_IS_UNDEFINED/logs/archived/tourbot_room_types_MicroService_debug.%d{yyyy-MM-dd}.%i.log'.
20:01:59,901 |-INFO in ch.qos.logback.core.rolling.SizeAndTimeBasedFNATP@183f6ab8 - Roll-over at midnight.
20:01:59,906 |-INFO in ch.qos.logback.core.rolling.SizeAndTimeBasedFNATP@183f6ab8 - Setting initial period to Mon Nov 04 19:19:36 BDT 2019
20:01:59,906 |-WARN in ch.qos.logback.core.rolling.SizeAndTimeBasedFNATP@183f6ab8 - SizeAndTimeBasedFNATP is deprecated. Use SizeAndTimeBasedRollingPolicy instead
20:01:59,906 |-WARN in ch.qos.logback.core.rolling.SizeAndTimeBasedFNATP@183f6ab8 - For more information see http://logback.qos.ch/manual/appenders.html#SizeAndTimeBasedRollingPolicy
20:01:59,911 |-INFO in ch.qos.logback.core.rolling.RollingFileAppender[FILE-AUDIT] - Active log file name: catalina.home_IS_UNDEFINED/logs/tourbot_room_types_MicroService_debug.log
20:01:59,911 |-INFO in ch.qos.logback.core.rolling.RollingFileAppender[FILE-AUDIT] - File property is set to [catalina.home_IS_UNDEFINED/logs/tourbot_room_types_MicroService_debug.log]
20:01:59,913 |-INFO in ch.qos.logback.core.joran.action.AppenderAction - About to instantiate appender of type [ch.qos.logback.core.rolling.RollingFileAppender]
20:01:59,913 |-INFO in ch.qos.logback.core.joran.action.AppenderAction - Naming appender as [FILE-ERROR]
20:01:59,915 |-INFO in c.q.l.core.rolling.TimeBasedRollingPolicy@334500013 - No compression will be used
20:01:59,915 |-INFO in c.q.l.core.rolling.TimeBasedRollingPolicy@334500013 - Will use the pattern catalina.home_IS_UNDEFINED/logs/archived/tourbot_room_types_MicroService_error.%d{yyyy-MM-dd}.%i.log for the active file
20:01:59,916 |-INFO in ch.qos.logback.core.rolling.SizeAndTimeBasedFNATP@4f797031 - The date pattern is 'yyyy-MM-dd' from file name pattern 'catalina.home_IS_UNDEFINED/logs/archived/tourbot_room_types_MicroService_error.%d{yyyy-MM-dd}.%i.log'.
20:01:59,916 |-INFO in ch.qos.logback.core.rolling.SizeAndTimeBasedFNATP@4f797031 - Roll-over at midnight.
20:01:59,917 |-INFO in ch.qos.logback.core.rolling.SizeAndTimeBasedFNATP@4f797031 - Setting initial period to Wed Oct 23 21:54:50 BDT 2019
20:01:59,917 |-WARN in ch.qos.logback.core.rolling.SizeAndTimeBasedFNATP@4f797031 - SizeAndTimeBasedFNATP is deprecated. Use SizeAndTimeBasedRollingPolicy instead
20:01:59,917 |-WARN in ch.qos.logback.core.rolling.SizeAndTimeBasedFNATP@4f797031 - For more information see http://logback.qos.ch/manual/appenders.html#SizeAndTimeBasedRollingPolicy
20:01:59,918 |-INFO in ch.qos.logback.core.rolling.RollingFileAppender[FILE-ERROR] - Active log file name: catalina.home_IS_UNDEFINED/logs/tourbot_room_types_MicroService_error.log
20:01:59,918 |-INFO in ch.qos.logback.core.rolling.RollingFileAppender[FILE-ERROR] - File property is set to [catalina.home_IS_UNDEFINED/logs/tourbot_room_types_MicroService_error.log]
20:01:59,918 |-INFO in ch.qos.logback.classic.joran.action.LoggerAction - Setting level of logger [com.teamamerica.tourbot.countries] to DEBUG
20:01:59,918 |-INFO in ch.qos.logback.classic.joran.action.LoggerAction - Setting additivity of logger [com.teamamerica.tourbot.countries] to false
20:01:59,919 |-INFO in ch.qos.logback.core.joran.action.AppenderRefAction - Attaching appender named [FILE-AUDIT] to Logger[com.teamamerica.tourbot.countries]
20:01:59,919 |-INFO in ch.qos.logback.classic.joran.action.LoggerAction - Setting level of logger [org.springframework] to DEBUG
20:01:59,919 |-INFO in ch.qos.logback.classic.joran.action.LoggerAction - Setting additivity of logger [org.springframework] to false
20:01:59,919 |-INFO in ch.qos.logback.core.joran.action.AppenderRefAction - Attaching appender named [FILE-AUDIT] to Logger[org.springframework]
20:01:59,919 |-INFO in ch.qos.logback.classic.joran.action.RootLoggerAction - Setting level of ROOT logger to ERROR
20:01:59,919 |-INFO in ch.qos.logback.core.joran.action.AppenderRefAction - Attaching appender named [FILE-ERROR] to Logger[ROOT]
20:01:59,919 |-INFO in ch.qos.logback.classic.joran.action.ConfigurationAction - End of configuration.
20:01:59,920 |-INFO in ch.qos.logback.classic.joran.JoranConfigurator@2fb4b8c - Registering current configuration as safe fallback point


  .   ____          _            __ _ _
 /\\ / ___'_ __ _ _(_)_ __  __ _ \ \ \ \
( ( )\___ | '_ | '_| | '_ \/ _` | \ \ \ \
 \\/  ___)| |_)| | | | | || (_| |  ) ) ) )
  '  |____| .__|_| |_|_| |_\__, | / / / /
 =========|_|==============|___/=/_/_/_/
 :: Spring Boot ::            (v2.2.0.RC1)

]]></system-out>
  <system-err><![CDATA[]]></system-err>
</testsuite>
